<?xml version="1.0" encoding="UTF-8"?>
<testsuite xmlns:xsi="http://www.w3.org/2001/XMLSchema-instance" xsi:noNamespaceSchemaLocation="https://maven.apache.org/surefire/maven-surefire-plugin/xsd/surefire-test-report.xsd" name="com.wuhao.project.service.impl.UserServiceImplTest" time="0" tests="1" errors="0" skipped="0" failures="0">
  <properties>
    <property name="sun.desktop" value="windows"/>
    <property name="awt.toolkit" value="sun.awt.windows.WToolkit"/>
    <property name="file.encoding.pkg" value="sun.io"/>
    <property name="java.specification.version" value="1.8"/>
    <property name="sun.cpu.isalist" value="amd64"/>
    <property name="sun.jnu.encoding" value="GBK"/>
    <property name="java.class.path" value="F:\springboot\api-backend\target\test-classes;F:\springboot\api-backend\target\classes;F:\Maven\Maven-repository\org\springframework\boot\spring-boot-starter-data-redis\2.3.12.RELEASE\spring-boot-starter-data-redis-2.3.12.RELEASE.jar;F:\Maven\Maven-repository\org\springframework\boot\spring-boot-starter\2.3.12.RELEASE\spring-boot-starter-2.3.12.RELEASE.jar;F:\Maven\Maven-repository\org\springframework\boot\spring-boot\2.3.12.RELEASE\spring-boot-2.3.12.RELEASE.jar;F:\Maven\Maven-repository\org\springframework\boot\spring-boot-starter-logging\2.3.12.RELEASE\spring-boot-starter-logging-2.3.12.RELEASE.jar;F:\Maven\Maven-repository\ch\qos\logback\logback-classic\1.2.3\logback-classic-1.2.3.jar;F:\Maven\Maven-repository\ch\qos\logback\logback-core\1.2.3\logback-core-1.2.3.jar;F:\Maven\Maven-repository\org\apache\logging\log4j\log4j-to-slf4j\2.13.3\log4j-to-slf4j-2.13.3.jar;F:\Maven\Maven-repository\org\apache\logging\log4j\log4j-api\2.13.3\log4j-api-2.13.3.jar;F:\Maven\Maven-repository\org\slf4j\jul-to-slf4j\1.7.30\jul-to-slf4j-1.7.30.jar;F:\Maven\Maven-repository\jakarta\annotation\jakarta.annotation-api\1.3.5\jakarta.annotation-api-1.3.5.jar;F:\Maven\Maven-repository\org\yaml\snakeyaml\1.26\snakeyaml-1.26.jar;F:\Maven\Maven-repository\org\springframework\data\spring-data-redis\2.3.9.RELEASE\spring-data-redis-2.3.9.RELEASE.jar;F:\Maven\Maven-repository\org\springframework\data\spring-data-keyvalue\2.3.9.RELEASE\spring-data-keyvalue-2.3.9.RELEASE.jar;F:\Maven\Maven-repository\org\springframework\data\spring-data-commons\2.3.9.RELEASE\spring-data-commons-2.3.9.RELEASE.jar;F:\Maven\Maven-repository\org\springframework\spring-tx\5.2.15.RELEASE\spring-tx-5.2.15.RELEASE.jar;F:\Maven\Maven-repository\org\springframework\spring-oxm\5.2.15.RELEASE\spring-oxm-5.2.15.RELEASE.jar;F:\Maven\Maven-repository\org\springframework\spring-aop\5.2.15.RELEASE\spring-aop-5.2.15.RELEASE.jar;F:\Maven\Maven-repository\org\springframework\spring-context-support\5.2.15.RELEASE\spring-context-support-5.2.15.RELEASE.jar;F:\Maven\Maven-repository\io\lettuce\lettuce-core\5.3.7.RELEASE\lettuce-core-5.3.7.RELEASE.jar;F:\Maven\Maven-repository\io\netty\netty-common\4.1.65.Final\netty-common-4.1.65.Final.jar;F:\Maven\Maven-repository\io\netty\netty-handler\4.1.65.Final\netty-handler-4.1.65.Final.jar;F:\Maven\Maven-repository\io\netty\netty-resolver\4.1.65.Final\netty-resolver-4.1.65.Final.jar;F:\Maven\Maven-repository\io\netty\netty-buffer\4.1.65.Final\netty-buffer-4.1.65.Final.jar;F:\Maven\Maven-repository\io\netty\netty-codec\4.1.65.Final\netty-codec-4.1.65.Final.jar;F:\Maven\Maven-repository\io\netty\netty-transport\4.1.65.Final\netty-transport-4.1.65.Final.jar;F:\Maven\Maven-repository\io\projectreactor\reactor-core\3.3.17.RELEASE\reactor-core-3.3.17.RELEASE.jar;F:\Maven\Maven-repository\org\reactivestreams\reactive-streams\1.0.3\reactive-streams-1.0.3.jar;F:\Maven\Maven-repository\mysql\mysql-connector-java\8.0.25\mysql-connector-java-8.0.25.jar;F:\Maven\Maven-repository\api-sdk\api-sdk\0.0.1\api-sdk-0.0.1.jar;F:\Maven\Maven-repository\org\projectlombok\lombok\1.18.20\lombok-1.18.20.jar;F:\Maven\Maven-repository\org\springframework\boot\spring-boot-starter-test\2.3.12.RELEASE\spring-boot-starter-test-2.3.12.RELEASE.jar;F:\Maven\Maven-repository\org\springframework\boot\spring-boot-test\2.3.12.RELEASE\spring-boot-test-2.3.12.RELEASE.jar;F:\Maven\Maven-repository\org\springframework\boot\spring-boot-test-autoconfigure\2.3.12.RELEASE\spring-boot-test-autoconfigure-2.3.12.RELEASE.jar;F:\Maven\Maven-repository\com\jayway\jsonpath\json-path\2.4.0\json-path-2.4.0.jar;F:\Maven\Maven-repository\net\minidev\json-smart\2.3.1\json-smart-2.3.1.jar;F:\Maven\Maven-repository\net\minidev\accessors-smart\2.3.1\accessors-smart-2.3.1.jar;F:\Maven\Maven-repository\org\ow2\asm\asm\5.0.4\asm-5.0.4.jar;F:\Maven\Maven-repository\jakarta\xml\bind\jakarta.xml.bind-api\2.3.3\jakarta.xml.bind-api-2.3.3.jar;F:\Maven\Maven-repository\jakarta\activation\jakarta.activation-api\1.2.2\jakarta.activation-api-1.2.2.jar;F:\Maven\Maven-repository\org\assertj\assertj-core\3.16.1\assertj-core-3.16.1.jar;F:\Maven\Maven-repository\org\hamcrest\hamcrest\2.2\hamcrest-2.2.jar;F:\Maven\Maven-repository\org\junit\jupiter\junit-jupiter\5.6.3\junit-jupiter-5.6.3.jar;F:\Maven\Maven-repository\org\junit\jupiter\junit-jupiter-api\5.6.3\junit-jupiter-api-5.6.3.jar;F:\Maven\Maven-repository\org\opentest4j\opentest4j\1.2.0\opentest4j-1.2.0.jar;F:\Maven\Maven-repository\org\junit\platform\junit-platform-commons\1.6.3\junit-platform-commons-1.6.3.jar;F:\Maven\Maven-repository\org\junit\jupiter\junit-jupiter-params\5.6.3\junit-jupiter-params-5.6.3.jar;F:\Maven\Maven-repository\org\junit\jupiter\junit-jupiter-engine\5.6.3\junit-jupiter-engine-5.6.3.jar;F:\Maven\Maven-repository\org\junit\vintage\junit-vintage-engine\5.6.3\junit-vintage-engine-5.6.3.jar;F:\Maven\Maven-repository\org\apiguardian\apiguardian-api\1.1.0\apiguardian-api-1.1.0.jar;F:\Maven\Maven-repository\org\junit\platform\junit-platform-engine\1.6.3\junit-platform-engine-1.6.3.jar;F:\Maven\Maven-repository\junit\junit\4.13.2\junit-4.13.2.jar;F:\Maven\Maven-repository\org\mockito\mockito-core\3.3.3\mockito-core-3.3.3.jar;F:\Maven\Maven-repository\net\bytebuddy\byte-buddy\1.10.22\byte-buddy-1.10.22.jar;F:\Maven\Maven-repository\net\bytebuddy\byte-buddy-agent\1.10.22\byte-buddy-agent-1.10.22.jar;F:\Maven\Maven-repository\org\objenesis\objenesis\2.6\objenesis-2.6.jar;F:\Maven\Maven-repository\org\mockito\mockito-junit-jupiter\3.3.3\mockito-junit-jupiter-3.3.3.jar;F:\Maven\Maven-repository\org\skyscreamer\jsonassert\1.5.0\jsonassert-1.5.0.jar;F:\Maven\Maven-repository\com\vaadin\external\google\android-json\0.0.20131108.vaadin1\android-json-0.0.20131108.vaadin1.jar;F:\Maven\Maven-repository\org\springframework\spring-core\5.2.15.RELEASE\spring-core-5.2.15.RELEASE.jar;F:\Maven\Maven-repository\org\springframework\spring-jcl\5.2.15.RELEASE\spring-jcl-5.2.15.RELEASE.jar;F:\Maven\Maven-repository\org\springframework\spring-test\5.2.15.RELEASE\spring-test-5.2.15.RELEASE.jar;F:\Maven\Maven-repository\org\xmlunit\xmlunit-core\2.7.0\xmlunit-core-2.7.0.jar;F:\Maven\Maven-repository\org\springframework\boot\spring-boot-starter-web\2.3.12.RELEASE\spring-boot-starter-web-2.3.12.RELEASE.jar;F:\Maven\Maven-repository\org\springframework\boot\spring-boot-starter-json\2.3.12.RELEASE\spring-boot-starter-json-2.3.12.RELEASE.jar;F:\Maven\Maven-repository\com\fasterxml\jackson\core\jackson-databind\2.11.4\jackson-databind-2.11.4.jar;F:\Maven\Maven-repository\com\fasterxml\jackson\core\jackson-core\2.11.4\jackson-core-2.11.4.jar;F:\Maven\Maven-repository\com\fasterxml\jackson\datatype\jackson-datatype-jdk8\2.11.4\jackson-datatype-jdk8-2.11.4.jar;F:\Maven\Maven-repository\com\fasterxml\jackson\datatype\jackson-datatype-jsr310\2.11.4\jackson-datatype-jsr310-2.11.4.jar;F:\Maven\Maven-repository\com\fasterxml\jackson\module\jackson-module-parameter-names\2.11.4\jackson-module-parameter-names-2.11.4.jar;F:\Maven\Maven-repository\org\springframework\boot\spring-boot-starter-tomcat\2.3.12.RELEASE\spring-boot-starter-tomcat-2.3.12.RELEASE.jar;F:\Maven\Maven-repository\org\apache\tomcat\embed\tomcat-embed-core\9.0.46\tomcat-embed-core-9.0.46.jar;F:\Maven\Maven-repository\org\glassfish\jakarta.el\3.0.3\jakarta.el-3.0.3.jar;F:\Maven\Maven-repository\org\apache\tomcat\embed\tomcat-embed-websocket\9.0.46\tomcat-embed-websocket-9.0.46.jar;F:\Maven\Maven-repository\org\springframework\spring-web\5.2.15.RELEASE\spring-web-5.2.15.RELEASE.jar;F:\Maven\Maven-repository\org\springframework\spring-beans\5.2.15.RELEASE\spring-beans-5.2.15.RELEASE.jar;F:\Maven\Maven-repository\org\springframework\spring-webmvc\5.2.15.RELEASE\spring-webmvc-5.2.15.RELEASE.jar;F:\Maven\Maven-repository\org\springframework\spring-context\5.2.15.RELEASE\spring-context-5.2.15.RELEASE.jar;F:\Maven\Maven-repository\org\springframework\spring-expression\5.2.15.RELEASE\spring-expression-5.2.15.RELEASE.jar;F:\Maven\Maven-repository\com\baomidou\mybatis-plus-boot-starter\3.4.2\mybatis-plus-boot-starter-3.4.2.jar;F:\Maven\Maven-repository\com\baomidou\mybatis-plus\3.4.2\mybatis-plus-3.4.2.jar;F:\Maven\Maven-repository\com\baomidou\mybatis-plus-extension\3.4.2\mybatis-plus-extension-3.4.2.jar;F:\Maven\Maven-repository\com\baomidou\mybatis-plus-core\3.4.2\mybatis-plus-core-3.4.2.jar;F:\Maven\Maven-repository\com\baomidou\mybatis-plus-annotation\3.4.2\mybatis-plus-annotation-3.4.2.jar;F:\Maven\Maven-repository\com\github\jsqlparser\jsqlparser\4.0\jsqlparser-4.0.jar;F:\Maven\Maven-repository\org\mybatis\mybatis\3.5.6\mybatis-3.5.6.jar;F:\Maven\Maven-repository\org\mybatis\mybatis-spring\2.0.5\mybatis-spring-2.0.5.jar;F:\Maven\Maven-repository\org\springframework\boot\spring-boot-autoconfigure\2.3.12.RELEASE\spring-boot-autoconfigure-2.3.12.RELEASE.jar;F:\Maven\Maven-repository\org\springframework\boot\spring-boot-starter-jdbc\2.3.12.RELEASE\spring-boot-starter-jdbc-2.3.12.RELEASE.jar;F:\Maven\Maven-repository\com\zaxxer\HikariCP\3.4.5\HikariCP-3.4.5.jar;F:\Maven\Maven-repository\org\springframework\spring-jdbc\5.2.15.RELEASE\spring-jdbc-5.2.15.RELEASE.jar;F:\Maven\Maven-repository\com\github\xiaoymin\knife4j-spring-boot-starter\2.0.1\knife4j-spring-boot-starter-2.0.1.jar;F:\Maven\Maven-repository\com\github\xiaoymin\knife4j-spring-boot-autoconfigure\2.0.1\knife4j-spring-boot-autoconfigure-2.0.1.jar;F:\Maven\Maven-repository\com\github\xiaoymin\knife4j-spring\2.0.1\knife4j-spring-2.0.1.jar;F:\Maven\Maven-repository\com\github\xiaoymin\knife4j-annotations\2.0.1\knife4j-annotations-2.0.1.jar;F:\Maven\Maven-repository\com\github\xiaoymin\knife4j-core\2.0.1\knife4j-core-2.0.1.jar;F:\Maven\Maven-repository\org\javassist\javassist\3.25.0-GA\javassist-3.25.0-GA.jar;F:\Maven\Maven-repository\io\springfox\springfox-bean-validators\2.9.2\springfox-bean-validators-2.9.2.jar;F:\Maven\Maven-repository\com\github\xiaoymin\knife4j-spring-ui\2.0.1\knife4j-spring-ui-2.0.1.jar;F:\Maven\Maven-repository\io\springfox\springfox-swagger2\2.9.2\springfox-swagger2-2.9.2.jar;F:\Maven\Maven-repository\io\swagger\swagger-annotations\1.5.20\swagger-annotations-1.5.20.jar;F:\Maven\Maven-repository\io\swagger\swagger-models\1.5.20\swagger-models-1.5.20.jar;F:\Maven\Maven-repository\com\fasterxml\jackson\core\jackson-annotations\2.11.4\jackson-annotations-2.11.4.jar;F:\Maven\Maven-repository\io\springfox\springfox-spi\2.9.2\springfox-spi-2.9.2.jar;F:\Maven\Maven-repository\io\springfox\springfox-core\2.9.2\springfox-core-2.9.2.jar;F:\Maven\Maven-repository\io\springfox\springfox-schema\2.9.2\springfox-schema-2.9.2.jar;F:\Maven\Maven-repository\io\springfox\springfox-swagger-common\2.9.2\springfox-swagger-common-2.9.2.jar;F:\Maven\Maven-repository\io\springfox\springfox-spring-web\2.9.2\springfox-spring-web-2.9.2.jar;F:\Maven\Maven-repository\com\google\guava\guava\20.0\guava-20.0.jar;F:\Maven\Maven-repository\com\fasterxml\classmate\1.5.1\classmate-1.5.1.jar;F:\Maven\Maven-repository\org\slf4j\slf4j-api\1.7.30\slf4j-api-1.7.30.jar;F:\Maven\Maven-repository\org\springframework\plugin\spring-plugin-core\1.2.0.RELEASE\spring-plugin-core-1.2.0.RELEASE.jar;F:\Maven\Maven-repository\org\springframework\plugin\spring-plugin-metadata\1.2.0.RELEASE\spring-plugin-metadata-1.2.0.RELEASE.jar;F:\Maven\Maven-repository\org\mapstruct\mapstruct\1.2.0.Final\mapstruct-1.2.0.Final.jar;F:\Maven\Maven-repository\org\apache\commons\commons-lang3\3.12.0\commons-lang3-3.12.0.jar;F:\Maven\Maven-repository\com\google\code\gson\gson\2.8.9\gson-2.8.9.jar;F:\Maven\Maven-repository\io\springfox\springfox-swagger-ui\2.9.2\springfox-swagger-ui-2.9.2.jar;F:\Maven\Maven-repository\cn\hutool\hutool-all\5.8.16\hutool-all-5.8.16.jar;"/>
    <property name="java.vm.vendor" value="Oracle Corporation"/>
    <property name="sun.arch.data.model" value="64"/>
    <property name="user.variant" value=""/>
    <property name="java.vendor.url" value="http://java.oracle.com/"/>
    <property name="user.timezone" value="Asia/Shanghai"/>
    <property name="java.vm.specification.version" value="1.8"/>
    <property name="os.name" value="Windows 10"/>
    <property name="user.country" value="CN"/>
    <property name="sun.java.launcher" value="SUN_STANDARD"/>
    <property name="sun.boot.library.path" value="C:\Program Files\Java\jdk1.8.0_121\jre\bin"/>
    <property name="sun.java.command" value="C:\Users\Lenovo\AppData\Local\Temp\surefire7494712042680630141\surefirebooter6434669521693917185.jar C:\Users\Lenovo\AppData\Local\Temp\surefire7494712042680630141 2023-06-23T12-27-23_207-jvmRun1 surefire5333764755485006777tmp surefire_06054898642919478510tmp"/>
    <property name="surefire.test.class.path" value="F:\springboot\api-backend\target\test-classes;F:\springboot\api-backend\target\classes;F:\Maven\Maven-repository\org\springframework\boot\spring-boot-starter-data-redis\2.3.12.RELEASE\spring-boot-starter-data-redis-2.3.12.RELEASE.jar;F:\Maven\Maven-repository\org\springframework\boot\spring-boot-starter\2.3.12.RELEASE\spring-boot-starter-2.3.12.RELEASE.jar;F:\Maven\Maven-repository\org\springframework\boot\spring-boot\2.3.12.RELEASE\spring-boot-2.3.12.RELEASE.jar;F:\Maven\Maven-repository\org\springframework\boot\spring-boot-starter-logging\2.3.12.RELEASE\spring-boot-starter-logging-2.3.12.RELEASE.jar;F:\Maven\Maven-repository\ch\qos\logback\logback-classic\1.2.3\logback-classic-1.2.3.jar;F:\Maven\Maven-repository\ch\qos\logback\logback-core\1.2.3\logback-core-1.2.3.jar;F:\Maven\Maven-repository\org\apache\logging\log4j\log4j-to-slf4j\2.13.3\log4j-to-slf4j-2.13.3.jar;F:\Maven\Maven-repository\org\apache\logging\log4j\log4j-api\2.13.3\log4j-api-2.13.3.jar;F:\Maven\Maven-repository\org\slf4j\jul-to-slf4j\1.7.30\jul-to-slf4j-1.7.30.jar;F:\Maven\Maven-repository\jakarta\annotation\jakarta.annotation-api\1.3.5\jakarta.annotation-api-1.3.5.jar;F:\Maven\Maven-repository\org\yaml\snakeyaml\1.26\snakeyaml-1.26.jar;F:\Maven\Maven-repository\org\springframework\data\spring-data-redis\2.3.9.RELEASE\spring-data-redis-2.3.9.RELEASE.jar;F:\Maven\Maven-repository\org\springframework\data\spring-data-keyvalue\2.3.9.RELEASE\spring-data-keyvalue-2.3.9.RELEASE.jar;F:\Maven\Maven-repository\org\springframework\data\spring-data-commons\2.3.9.RELEASE\spring-data-commons-2.3.9.RELEASE.jar;F:\Maven\Maven-repository\org\springframework\spring-tx\5.2.15.RELEASE\spring-tx-5.2.15.RELEASE.jar;F:\Maven\Maven-repository\org\springframework\spring-oxm\5.2.15.RELEASE\spring-oxm-5.2.15.RELEASE.jar;F:\Maven\Maven-repository\org\springframework\spring-aop\5.2.15.RELEASE\spring-aop-5.2.15.RELEASE.jar;F:\Maven\Maven-repository\org\springframework\spring-context-support\5.2.15.RELEASE\spring-context-support-5.2.15.RELEASE.jar;F:\Maven\Maven-repository\io\lettuce\lettuce-core\5.3.7.RELEASE\lettuce-core-5.3.7.RELEASE.jar;F:\Maven\Maven-repository\io\netty\netty-common\4.1.65.Final\netty-common-4.1.65.Final.jar;F:\Maven\Maven-repository\io\netty\netty-handler\4.1.65.Final\netty-handler-4.1.65.Final.jar;F:\Maven\Maven-repository\io\netty\netty-resolver\4.1.65.Final\netty-resolver-4.1.65.Final.jar;F:\Maven\Maven-repository\io\netty\netty-buffer\4.1.65.Final\netty-buffer-4.1.65.Final.jar;F:\Maven\Maven-repository\io\netty\netty-codec\4.1.65.Final\netty-codec-4.1.65.Final.jar;F:\Maven\Maven-repository\io\netty\netty-transport\4.1.65.Final\netty-transport-4.1.65.Final.jar;F:\Maven\Maven-repository\io\projectreactor\reactor-core\3.3.17.RELEASE\reactor-core-3.3.17.RELEASE.jar;F:\Maven\Maven-repository\org\reactivestreams\reactive-streams\1.0.3\reactive-streams-1.0.3.jar;F:\Maven\Maven-repository\mysql\mysql-connector-java\8.0.25\mysql-connector-java-8.0.25.jar;F:\Maven\Maven-repository\api-sdk\api-sdk\0.0.1\api-sdk-0.0.1.jar;F:\Maven\Maven-repository\org\projectlombok\lombok\1.18.20\lombok-1.18.20.jar;F:\Maven\Maven-repository\org\springframework\boot\spring-boot-starter-test\2.3.12.RELEASE\spring-boot-starter-test-2.3.12.RELEASE.jar;F:\Maven\Maven-repository\org\springframework\boot\spring-boot-test\2.3.12.RELEASE\spring-boot-test-2.3.12.RELEASE.jar;F:\Maven\Maven-repository\org\springframework\boot\spring-boot-test-autoconfigure\2.3.12.RELEASE\spring-boot-test-autoconfigure-2.3.12.RELEASE.jar;F:\Maven\Maven-repository\com\jayway\jsonpath\json-path\2.4.0\json-path-2.4.0.jar;F:\Maven\Maven-repository\net\minidev\json-smart\2.3.1\json-smart-2.3.1.jar;F:\Maven\Maven-repository\net\minidev\accessors-smart\2.3.1\accessors-smart-2.3.1.jar;F:\Maven\Maven-repository\org\ow2\asm\asm\5.0.4\asm-5.0.4.jar;F:\Maven\Maven-repository\jakarta\xml\bind\jakarta.xml.bind-api\2.3.3\jakarta.xml.bind-api-2.3.3.jar;F:\Maven\Maven-repository\jakarta\activation\jakarta.activation-api\1.2.2\jakarta.activation-api-1.2.2.jar;F:\Maven\Maven-repository\org\assertj\assertj-core\3.16.1\assertj-core-3.16.1.jar;F:\Maven\Maven-repository\org\hamcrest\hamcrest\2.2\hamcrest-2.2.jar;F:\Maven\Maven-repository\org\junit\jupiter\junit-jupiter\5.6.3\junit-jupiter-5.6.3.jar;F:\Maven\Maven-repository\org\junit\jupiter\junit-jupiter-api\5.6.3\junit-jupiter-api-5.6.3.jar;F:\Maven\Maven-repository\org\opentest4j\opentest4j\1.2.0\opentest4j-1.2.0.jar;F:\Maven\Maven-repository\org\junit\platform\junit-platform-commons\1.6.3\junit-platform-commons-1.6.3.jar;F:\Maven\Maven-repository\org\junit\jupiter\junit-jupiter-params\5.6.3\junit-jupiter-params-5.6.3.jar;F:\Maven\Maven-repository\org\junit\jupiter\junit-jupiter-engine\5.6.3\junit-jupiter-engine-5.6.3.jar;F:\Maven\Maven-repository\org\junit\vintage\junit-vintage-engine\5.6.3\junit-vintage-engine-5.6.3.jar;F:\Maven\Maven-repository\org\apiguardian\apiguardian-api\1.1.0\apiguardian-api-1.1.0.jar;F:\Maven\Maven-repository\org\junit\platform\junit-platform-engine\1.6.3\junit-platform-engine-1.6.3.jar;F:\Maven\Maven-repository\junit\junit\4.13.2\junit-4.13.2.jar;F:\Maven\Maven-repository\org\mockito\mockito-core\3.3.3\mockito-core-3.3.3.jar;F:\Maven\Maven-repository\net\bytebuddy\byte-buddy\1.10.22\byte-buddy-1.10.22.jar;F:\Maven\Maven-repository\net\bytebuddy\byte-buddy-agent\1.10.22\byte-buddy-agent-1.10.22.jar;F:\Maven\Maven-repository\org\objenesis\objenesis\2.6\objenesis-2.6.jar;F:\Maven\Maven-repository\org\mockito\mockito-junit-jupiter\3.3.3\mockito-junit-jupiter-3.3.3.jar;F:\Maven\Maven-repository\org\skyscreamer\jsonassert\1.5.0\jsonassert-1.5.0.jar;F:\Maven\Maven-repository\com\vaadin\external\google\android-json\0.0.20131108.vaadin1\android-json-0.0.20131108.vaadin1.jar;F:\Maven\Maven-repository\org\springframework\spring-core\5.2.15.RELEASE\spring-core-5.2.15.RELEASE.jar;F:\Maven\Maven-repository\org\springframework\spring-jcl\5.2.15.RELEASE\spring-jcl-5.2.15.RELEASE.jar;F:\Maven\Maven-repository\org\springframework\spring-test\5.2.15.RELEASE\spring-test-5.2.15.RELEASE.jar;F:\Maven\Maven-repository\org\xmlunit\xmlunit-core\2.7.0\xmlunit-core-2.7.0.jar;F:\Maven\Maven-repository\org\springframework\boot\spring-boot-starter-web\2.3.12.RELEASE\spring-boot-starter-web-2.3.12.RELEASE.jar;F:\Maven\Maven-repository\org\springframework\boot\spring-boot-starter-json\2.3.12.RELEASE\spring-boot-starter-json-2.3.12.RELEASE.jar;F:\Maven\Maven-repository\com\fasterxml\jackson\core\jackson-databind\2.11.4\jackson-databind-2.11.4.jar;F:\Maven\Maven-repository\com\fasterxml\jackson\core\jackson-core\2.11.4\jackson-core-2.11.4.jar;F:\Maven\Maven-repository\com\fasterxml\jackson\datatype\jackson-datatype-jdk8\2.11.4\jackson-datatype-jdk8-2.11.4.jar;F:\Maven\Maven-repository\com\fasterxml\jackson\datatype\jackson-datatype-jsr310\2.11.4\jackson-datatype-jsr310-2.11.4.jar;F:\Maven\Maven-repository\com\fasterxml\jackson\module\jackson-module-parameter-names\2.11.4\jackson-module-parameter-names-2.11.4.jar;F:\Maven\Maven-repository\org\springframework\boot\spring-boot-starter-tomcat\2.3.12.RELEASE\spring-boot-starter-tomcat-2.3.12.RELEASE.jar;F:\Maven\Maven-repository\org\apache\tomcat\embed\tomcat-embed-core\9.0.46\tomcat-embed-core-9.0.46.jar;F:\Maven\Maven-repository\org\glassfish\jakarta.el\3.0.3\jakarta.el-3.0.3.jar;F:\Maven\Maven-repository\org\apache\tomcat\embed\tomcat-embed-websocket\9.0.46\tomcat-embed-websocket-9.0.46.jar;F:\Maven\Maven-repository\org\springframework\spring-web\5.2.15.RELEASE\spring-web-5.2.15.RELEASE.jar;F:\Maven\Maven-repository\org\springframework\spring-beans\5.2.15.RELEASE\spring-beans-5.2.15.RELEASE.jar;F:\Maven\Maven-repository\org\springframework\spring-webmvc\5.2.15.RELEASE\spring-webmvc-5.2.15.RELEASE.jar;F:\Maven\Maven-repository\org\springframework\spring-context\5.2.15.RELEASE\spring-context-5.2.15.RELEASE.jar;F:\Maven\Maven-repository\org\springframework\spring-expression\5.2.15.RELEASE\spring-expression-5.2.15.RELEASE.jar;F:\Maven\Maven-repository\com\baomidou\mybatis-plus-boot-starter\3.4.2\mybatis-plus-boot-starter-3.4.2.jar;F:\Maven\Maven-repository\com\baomidou\mybatis-plus\3.4.2\mybatis-plus-3.4.2.jar;F:\Maven\Maven-repository\com\baomidou\mybatis-plus-extension\3.4.2\mybatis-plus-extension-3.4.2.jar;F:\Maven\Maven-repository\com\baomidou\mybatis-plus-core\3.4.2\mybatis-plus-core-3.4.2.jar;F:\Maven\Maven-repository\com\baomidou\mybatis-plus-annotation\3.4.2\mybatis-plus-annotation-3.4.2.jar;F:\Maven\Maven-repository\com\github\jsqlparser\jsqlparser\4.0\jsqlparser-4.0.jar;F:\Maven\Maven-repository\org\mybatis\mybatis\3.5.6\mybatis-3.5.6.jar;F:\Maven\Maven-repository\org\mybatis\mybatis-spring\2.0.5\mybatis-spring-2.0.5.jar;F:\Maven\Maven-repository\org\springframework\boot\spring-boot-autoconfigure\2.3.12.RELEASE\spring-boot-autoconfigure-2.3.12.RELEASE.jar;F:\Maven\Maven-repository\org\springframework\boot\spring-boot-starter-jdbc\2.3.12.RELEASE\spring-boot-starter-jdbc-2.3.12.RELEASE.jar;F:\Maven\Maven-repository\com\zaxxer\HikariCP\3.4.5\HikariCP-3.4.5.jar;F:\Maven\Maven-repository\org\springframework\spring-jdbc\5.2.15.RELEASE\spring-jdbc-5.2.15.RELEASE.jar;F:\Maven\Maven-repository\com\github\xiaoymin\knife4j-spring-boot-starter\2.0.1\knife4j-spring-boot-starter-2.0.1.jar;F:\Maven\Maven-repository\com\github\xiaoymin\knife4j-spring-boot-autoconfigure\2.0.1\knife4j-spring-boot-autoconfigure-2.0.1.jar;F:\Maven\Maven-repository\com\github\xiaoymin\knife4j-spring\2.0.1\knife4j-spring-2.0.1.jar;F:\Maven\Maven-repository\com\github\xiaoymin\knife4j-annotations\2.0.1\knife4j-annotations-2.0.1.jar;F:\Maven\Maven-repository\com\github\xiaoymin\knife4j-core\2.0.1\knife4j-core-2.0.1.jar;F:\Maven\Maven-repository\org\javassist\javassist\3.25.0-GA\javassist-3.25.0-GA.jar;F:\Maven\Maven-repository\io\springfox\springfox-bean-validators\2.9.2\springfox-bean-validators-2.9.2.jar;F:\Maven\Maven-repository\com\github\xiaoymin\knife4j-spring-ui\2.0.1\knife4j-spring-ui-2.0.1.jar;F:\Maven\Maven-repository\io\springfox\springfox-swagger2\2.9.2\springfox-swagger2-2.9.2.jar;F:\Maven\Maven-repository\io\swagger\swagger-annotations\1.5.20\swagger-annotations-1.5.20.jar;F:\Maven\Maven-repository\io\swagger\swagger-models\1.5.20\swagger-models-1.5.20.jar;F:\Maven\Maven-repository\com\fasterxml\jackson\core\jackson-annotations\2.11.4\jackson-annotations-2.11.4.jar;F:\Maven\Maven-repository\io\springfox\springfox-spi\2.9.2\springfox-spi-2.9.2.jar;F:\Maven\Maven-repository\io\springfox\springfox-core\2.9.2\springfox-core-2.9.2.jar;F:\Maven\Maven-repository\io\springfox\springfox-schema\2.9.2\springfox-schema-2.9.2.jar;F:\Maven\Maven-repository\io\springfox\springfox-swagger-common\2.9.2\springfox-swagger-common-2.9.2.jar;F:\Maven\Maven-repository\io\springfox\springfox-spring-web\2.9.2\springfox-spring-web-2.9.2.jar;F:\Maven\Maven-repository\com\google\guava\guava\20.0\guava-20.0.jar;F:\Maven\Maven-repository\com\fasterxml\classmate\1.5.1\classmate-1.5.1.jar;F:\Maven\Maven-repository\org\slf4j\slf4j-api\1.7.30\slf4j-api-1.7.30.jar;F:\Maven\Maven-repository\org\springframework\plugin\spring-plugin-core\1.2.0.RELEASE\spring-plugin-core-1.2.0.RELEASE.jar;F:\Maven\Maven-repository\org\springframework\plugin\spring-plugin-metadata\1.2.0.RELEASE\spring-plugin-metadata-1.2.0.RELEASE.jar;F:\Maven\Maven-repository\org\mapstruct\mapstruct\1.2.0.Final\mapstruct-1.2.0.Final.jar;F:\Maven\Maven-repository\org\apache\commons\commons-lang3\3.12.0\commons-lang3-3.12.0.jar;F:\Maven\Maven-repository\com\google\code\gson\gson\2.8.9\gson-2.8.9.jar;F:\Maven\Maven-repository\io\springfox\springfox-swagger-ui\2.9.2\springfox-swagger-ui-2.9.2.jar;F:\Maven\Maven-repository\cn\hutool\hutool-all\5.8.16\hutool-all-5.8.16.jar;"/>
    <property name="sun.cpu.endian" value="little"/>
    <property name="user.home" value="C:\Users\Lenovo"/>
    <property name="user.language" value="zh"/>
    <property name="java.specification.vendor" value="Oracle Corporation"/>
    <property name="java.home" value="C:\Program Files\Java\jdk1.8.0_121\jre"/>
    <property name="basedir" value="F:\springboot\api-backend"/>
    <property name="file.separator" value="\"/>
    <property name="line.separator" value="&#10;"/>
    <property name="java.vm.specification.vendor" value="Oracle Corporation"/>
    <property name="java.specification.name" value="Java Platform API Specification"/>
    <property name="java.awt.graphicsenv" value="sun.awt.Win32GraphicsEnvironment"/>
    <property name="idea.version2020.1.1" value="true"/>
    <property name="surefire.real.class.path" value="C:\Users\Lenovo\AppData\Local\Temp\surefire7494712042680630141\surefirebooter6434669521693917185.jar"/>
    <property name="sun.boot.class.path" value="C:\Program Files\Java\jdk1.8.0_121\jre\lib\resources.jar;C:\Program Files\Java\jdk1.8.0_121\jre\lib\rt.jar;C:\Program Files\Java\jdk1.8.0_121\jre\lib\sunrsasign.jar;C:\Program Files\Java\jdk1.8.0_121\jre\lib\jsse.jar;C:\Program Files\Java\jdk1.8.0_121\jre\lib\jce.jar;C:\Program Files\Java\jdk1.8.0_121\jre\lib\charsets.jar;C:\Program Files\Java\jdk1.8.0_121\jre\lib\jfr.jar;C:\Program Files\Java\jdk1.8.0_121\jre\classes"/>
    <property name="user.script" value=""/>
    <property name="sun.management.compiler" value="HotSpot 64-Bit Tiered Compilers"/>
    <property name="java.runtime.version" value="1.8.0_121-b13"/>
    <property name="user.name" value="Lenovo"/>
    <property name="path.separator" value=";"/>
    <property name="os.version" value="10.0"/>
    <property name="java.endorsed.dirs" value="C:\Program Files\Java\jdk1.8.0_121\jre\lib\endorsed"/>
    <property name="java.runtime.name" value="Java(TM) SE Runtime Environment"/>
    <property name="file.encoding" value="GBK"/>
    <property name="java.vm.name" value="Java HotSpot(TM) 64-Bit Server VM"/>
    <property name="localRepository" value="F:\Maven\Maven-repository"/>
    <property name="java.vendor.url.bug" value="http://bugreport.sun.com/bugreport/"/>
    <property name="java.io.tmpdir" value="C:\Users\Lenovo\AppData\Local\Temp\"/>
    <property name="java.version" value="1.8.0_121"/>
    <property name="user.dir" value="F:\springboot\api-backend"/>
    <property name="os.arch" value="amd64"/>
    <property name="java.vm.specification.name" value="Java Virtual Machine Specification"/>
    <property name="java.awt.printerjob" value="sun.awt.windows.WPrinterJob"/>
    <property name="sun.os.patch.level" value=""/>
    <property name="java.library.path" value="C:\Program Files\Java\jdk1.8.0_121\jre\bin;C:\Windows\Sun\Java\bin;C:\Windows\system32;C:\Windows;F:\VMware\bin\;C:\ProgramData\Oracle\Java\javapath;C:\Windows\system32;C:\Windows;C:\Windows\System32\Wbem;C:\Windows\System32\WindowsPowerShell\v1.0\;C:\Windows\System32\OpenSSH\;C:\Program Files (x86)\NVIDIA Corporation\PhysX\Common;C:\Program Files\NVIDIA Corporation\NVIDIA NvDLISR;C:\Program Files\Java\jdk1.8.0_121\bin;F:\MySQL\bin;F:\Maven\apache-maven-3.8.4\bin;F:\Git\Git\cmd;F:\微信小程序开发\微信web开发者工具\dll;F:\Node.js\;C:\Program Files\MySQL\MySQL Shell 8.0\bin\;F:\Python\Scripts\;F:\Python\;C:\Users\Lenovo\AppData\Local\Microsoft\WindowsApps;E:\CLion 2019.2.5\bin;;C:\Program Files\Java\jre1.8.0_121;F:\Visual Studio Code\Microsoft VS Code\bin;F:\WebStorm\WebStorm 2020.1\bin;;F:\Python\PyCharm Community Edition 2022.2.1\bin;;C:\Users\Lenovo\AppData\Roaming\npm;F:\Program Files\Tencent\QQGAME\Hall.57938\;."/>
    <property name="java.vm.info" value="mixed mode"/>
    <property name="java.vendor" value="Oracle Corporation"/>
    <property name="java.vm.version" value="25.121-b13"/>
    <property name="java.ext.dirs" value="C:\Program Files\Java\jdk1.8.0_121\jre\lib\ext;C:\Windows\Sun\Java\lib\ext"/>
    <property name="sun.io.unicode.encoding" value="UnicodeLittle"/>
    <property name="maven.repo.local" value="F:\Maven\Maven-repository"/>
    <property name="java.class.version" value="52.0"/>
  </properties>
  <testcase name="testGson" classname="com.wuhao.project.service.impl.UserServiceImplTest" time="0"/>
</testsuite>